<?xml version='1.0' encoding='UTF-8'?>
<testsuite hostname="Latitude-E5270" name="ExchRoutesSpec" tests="2" errors="0" failures="2" skipped="0" time="4.508" timestamp="2018-12-05T14:58:34">
                     <properties>
[...]
</properties>
                     <testcase classname="ExchRoutesSpec" name="UserRoutes should return empty response for empty queries (POST /)" time="4.027">
                                                 <failure message="Request was neither completed nor rejected within 1 second" type="org.scalatest.exceptions.TestFailedException">org.scalatest.exceptions.TestFailedException: Request was neither completed nor rejected within 1 second
	at akka.http.scaladsl.testkit.TestFrameworkInterface$Scalatest.failTest(TestFrameworkInterface.scala:24)
	at akka.http.scaladsl.testkit.TestFrameworkInterface$Scalatest.failTest$(TestFrameworkInterface.scala:24)
	at ExchRoutesSpec.failTest(UserRoutesSpec.scala:17)
	at akka.http.scaladsl.testkit.RouteTestResultComponent$RouteTestResult.failNeitherCompletedNorRejected(RouteTestResultComponent.scala:93)
	at akka.http.scaladsl.testkit.RouteTestResultComponent$RouteTestResult.rawResponse(RouteTestResultComponent.scala:58)
	at akka.http.scaladsl.testkit.RouteTestResultComponent$RouteTestResult.response(RouteTestResultComponent.scala:39)
	at akka.http.scaladsl.testkit.RouteTest.response(RouteTest.scala:61)
	at akka.http.scaladsl.testkit.RouteTest.response$(RouteTest.scala:61)
	at ExchRoutesSpec.response(UserRoutesSpec.scala:17)
	at akka.http.scaladsl.testkit.RouteTest.status(RouteTest.scala:79)
	at akka.http.scaladsl.testkit.RouteTest.status$(RouteTest.scala:79)
	at ExchRoutesSpec.status(UserRoutesSpec.scala:17)
	at ExchRoutesSpec.$anonfun$new$3(UserRoutesSpec.scala:39)
	at scala.util.DynamicVariable.withValue(DynamicVariable.scala:58)
	at akka.http.scaladsl.testkit.RouteTest.$anonfun$check$1(RouteTest.scala:56)
	at akka.http.scaladsl.testkit.RouteTestResultComponent$RouteTestResult.$tilde$greater(RouteTestResultComponent.scala:50)
	at ExchRoutesSpec.$anonfun$new$2(UserRoutesSpec.scala:38)
	at org.scalatest.OutcomeOf.outcomeOf(OutcomeOf.scala:85)
	at org.scalatest.OutcomeOf.outcomeOf$(OutcomeOf.scala:83)
	at org.scalatest.OutcomeOf$.outcomeOf(OutcomeOf.scala:104)
	at org.scalatest.Transformer.apply(Transformer.scala:22)
	at org.scalatest.Transformer.apply(Transformer.scala:20)
	at org.scalatest.WordSpecLike$$anon$1.apply(WordSpecLike.scala:1075)
	at org.scalatest.TestSuite.withFixture(TestSuite.scala:196)
	at org.scalatest.TestSuite.withFixture$(TestSuite.scala:195)
	at org.scalatest.WordSpec.withFixture(WordSpec.scala:1881)
	at org.scalatest.WordSpecLike.invokeWithFixture$1(WordSpecLike.scala:1073)
	at org.scalatest.WordSpecLike.$anonfun$runTest$1(WordSpecLike.scala:1085)
	at org.scalatest.SuperEngine.runTestImpl(Engine.scala:285)
	at org.scalatest.WordSpecLike.runTest(WordSpecLike.scala:1085)
	at org.scalatest.WordSpecLike.runTest$(WordSpecLike.scala:1067)
	at org.scalatest.WordSpec.runTest(WordSpec.scala:1881)
	at org.scalatest.WordSpecLike.$anonfun$runTests$1(WordSpecLike.scala:1144)
	at org.scalatest.SuperEngine.$anonfun$runTestsInBranch$1(Engine.scala:392)
	at scala.collection.immutable.List.foreach(List.scala:388)
	at org.scalatest.SuperEngine.traverseSubNodes$1(Engine.scala:380)
	at org.scalatest.SuperEngine.runTestsInBranch(Engine.scala:369)
	at org.scalatest.SuperEngine.$anonfun$runTestsInBranch$1(Engine.scala:406)
	at scala.collection.immutable.List.foreach(List.scala:388)
	at org.scalatest.SuperEngine.traverseSubNodes$1(Engine.scala:380)
	at org.scalatest.SuperEngine.runTestsInBranch(Engine.scala:375)
	at org.scalatest.SuperEngine.runTestsImpl(Engine.scala:457)
	at org.scalatest.WordSpecLike.runTests(WordSpecLike.scala:1144)
	at org.scalatest.WordSpecLike.runTests$(WordSpecLike.scala:1143)
	at org.scalatest.WordSpec.runTests(WordSpec.scala:1881)
	at org.scalatest.Suite.run(Suite.scala:1147)
	at org.scalatest.Suite.run$(Suite.scala:1129)
	at org.scalatest.WordSpec.org$scalatest$WordSpecLike$$super$run(WordSpec.scala:1881)
	at org.scalatest.WordSpecLike.$anonfun$run$1(WordSpecLike.scala:1189)
	at org.scalatest.SuperEngine.runImpl(Engine.scala:517)
	at org.scalatest.WordSpecLike.run(WordSpecLike.scala:1189)
	at org.scalatest.WordSpecLike.run$(WordSpecLike.scala:1187)
	at ExchRoutesSpec.org$scalatest$BeforeAndAfterAll$$super$run(UserRoutesSpec.scala:17)
	at org.scalatest.BeforeAndAfterAll.liftedTree1$1(BeforeAndAfterAll.scala:213)
	at org.scalatest.BeforeAndAfterAll.run(BeforeAndAfterAll.scala:210)
	at org.scalatest.BeforeAndAfterAll.run$(BeforeAndAfterAll.scala:208)
	at ExchRoutesSpec.run(UserRoutesSpec.scala:17)
	at org.scalatest.tools.Framework.org$scalatest$tools$Framework$$runSuite(Framework.scala:317)
	at org.scalatest.tools.Framework$ScalaTestTask.execute(Framework.scala:510)
	at sbt.TestRunner.runTest$1(TestFramework.scala:113)
	at sbt.TestRunner.run(TestFramework.scala:124)
	at sbt.TestFramework$$anon$2$$anonfun$$lessinit$greater$1.$anonfun$apply$1(TestFramework.scala:282)
	at sbt.TestFramework$.sbt$TestFramework$$withContextLoader(TestFramework.scala:246)
	at sbt.TestFramework$$anon$2$$anonfun$$lessinit$greater$1.apply(TestFramework.scala:282)
	at sbt.TestFramework$$anon$2$$anonfun$$lessinit$greater$1.apply(TestFramework.scala:282)
	at sbt.TestFunction.apply(TestFramework.scala:294)
	at sbt.Tests$.$anonfun$toTask$1(Tests.scala:309)
	at sbt.std.Transform$$anon$3.$anonfun$apply$2(System.scala:46)
	at sbt.std.Transform$$anon$4.work(System.scala:67)
	at sbt.Execute.$anonfun$submit$2(Execute.scala:269)
	at sbt.internal.util.ErrorHandling$.wideConvert(ErrorHandling.scala:16)
	at sbt.Execute.work(Execute.scala:278)
	at sbt.Execute.$anonfun$submit$1(Execute.scala:269)
	at sbt.ConcurrentRestrictions$$anon$4.$anonfun$submitValid$1(ConcurrentRestrictions.scala:178)
	at sbt.CompletionService$$anon$2.call(CompletionService.scala:37)
	at java.base/java.util.concurrent.FutureTask.run(FutureTask.java:264)
	at java.base/java.util.concurrent.Executors$RunnableAdapter.call(Executors.java:515)
	at java.base/java.util.concurrent.FutureTask.run(FutureTask.java:264)
	at java.base/java.util.concurrent.ThreadPoolExecutor.runWorker(ThreadPoolExecutor.java:1128)
	at java.base/java.util.concurrent.ThreadPoolExecutor$Worker.run(ThreadPoolExecutor.java:628)
	at java.base/java.lang.Thread.run(Thread.java:834)
</failure>
                                               </testcase><testcase classname="ExchRoutesSpec" name="UserRoutes should self to self convertion should give the same result" time="0.481">
                                                 <failure message="Request was rejected with rejection MalformedRequestContentRejection(Unexpected end-of-input at input index 67 (line 1, position 68), expected ']':
{&quot;data&quot;:[{&quot;currencyFrom&quot;:&quot;RUB&quot;,&quot;currencyTo&quot;:&quot;RUB&quot;,&quot;valueFrom&quot;:1234}
                                                                   ^
,spray.json.JsonParser$ParsingException: Unexpected end-of-input at input index 67 (line 1, position 68), expected ']':
{&quot;data&quot;:[{&quot;currencyFrom&quot;:&quot;RUB&quot;,&quot;currencyTo&quot;:&quot;RUB&quot;,&quot;valueFrom&quot;:1234}
                                                                   ^
)" type="org.scalatest.exceptions.TestFailedException">org.scalatest.exceptions.TestFailedException: Request was rejected with rejection MalformedRequestContentRejection(Unexpected end-of-input at input index 67 (line 1, position 68), expected ']':
{&quot;data&quot;:[{&quot;currencyFrom&quot;:&quot;RUB&quot;,&quot;currencyTo&quot;:&quot;RUB&quot;,&quot;valueFrom&quot;:1234}
                                                                   ^
,spray.json.JsonParser$ParsingException: Unexpected end-of-input at input index 67 (line 1, position 68), expected ']':
{&quot;data&quot;:[{&quot;currencyFrom&quot;:&quot;RUB&quot;,&quot;currencyTo&quot;:&quot;RUB&quot;,&quot;valueFrom&quot;:1234}
                                                                   ^
)
	at akka.http.scaladsl.testkit.TestFrameworkInterface$Scalatest.failTest(TestFrameworkInterface.scala:24)
	at akka.http.scaladsl.testkit.TestFrameworkInterface$Scalatest.failTest$(TestFrameworkInterface.scala:24)
	at ExchRoutesSpec.failTest(UserRoutesSpec.scala:17)
	at akka.http.scaladsl.testkit.RouteTestResultComponent$RouteTestResult.rawResponse(RouteTestResultComponent.scala:56)
	at akka.http.scaladsl.testkit.RouteTestResultComponent$RouteTestResult.response(RouteTestResultComponent.scala:39)
	at akka.http.scaladsl.testkit.RouteTest.response(RouteTest.scala:61)
	at akka.http.scaladsl.testkit.RouteTest.response$(RouteTest.scala:61)
	at ExchRoutesSpec.response(UserRoutesSpec.scala:17)
	at akka.http.scaladsl.testkit.RouteTest.status(RouteTest.scala:79)
	at akka.http.scaladsl.testkit.RouteTest.status$(RouteTest.scala:79)
	at ExchRoutesSpec.status(UserRoutesSpec.scala:17)
	at ExchRoutesSpec.$anonfun$new$6(UserRoutesSpec.scala:56)
	at scala.util.DynamicVariable.withValue(DynamicVariable.scala:58)
	at akka.http.scaladsl.testkit.RouteTest.$anonfun$check$1(RouteTest.scala:56)
	at akka.http.scaladsl.testkit.RouteTestResultComponent$RouteTestResult.$tilde$greater(RouteTestResultComponent.scala:50)
	at ExchRoutesSpec.$anonfun$new$5(UserRoutesSpec.scala:55)
	at org.scalatest.OutcomeOf.outcomeOf(OutcomeOf.scala:85)
	at org.scalatest.OutcomeOf.outcomeOf$(OutcomeOf.scala:83)
	at org.scalatest.OutcomeOf$.outcomeOf(OutcomeOf.scala:104)
	at org.scalatest.Transformer.apply(Transformer.scala:22)
	at org.scalatest.Transformer.apply(Transformer.scala:20)
	at org.scalatest.WordSpecLike$$anon$1.apply(WordSpecLike.scala:1075)
	at org.scalatest.TestSuite.withFixture(TestSuite.scala:196)
	at org.scalatest.TestSuite.withFixture$(TestSuite.scala:195)
	at org.scalatest.WordSpec.withFixture(WordSpec.scala:1881)
	at org.scalatest.WordSpecLike.invokeWithFixture$1(WordSpecLike.scala:1073)
	at org.scalatest.WordSpecLike.$anonfun$runTest$1(WordSpecLike.scala:1085)
	at org.scalatest.SuperEngine.runTestImpl(Engine.scala:285)
	at org.scalatest.WordSpecLike.runTest(WordSpecLike.scala:1085)
	at org.scalatest.WordSpecLike.runTest$(WordSpecLike.scala:1067)
	at org.scalatest.WordSpec.runTest(WordSpec.scala:1881)
	at org.scalatest.WordSpecLike.$anonfun$runTests$1(WordSpecLike.scala:1144)
	at org.scalatest.SuperEngine.$anonfun$runTestsInBranch$1(Engine.scala:392)
	at scala.collection.immutable.List.foreach(List.scala:388)
	at org.scalatest.SuperEngine.traverseSubNodes$1(Engine.scala:380)
	at org.scalatest.SuperEngine.runTestsInBranch(Engine.scala:369)
	at org.scalatest.SuperEngine.$anonfun$runTestsInBranch$1(Engine.scala:406)
	at scala.collection.immutable.List.foreach(List.scala:388)
	at org.scalatest.SuperEngine.traverseSubNodes$1(Engine.scala:380)
	at org.scalatest.SuperEngine.runTestsInBranch(Engine.scala:375)
	at org.scalatest.SuperEngine.runTestsImpl(Engine.scala:457)
	at org.scalatest.WordSpecLike.runTests(WordSpecLike.scala:1144)
	at org.scalatest.WordSpecLike.runTests$(WordSpecLike.scala:1143)
	at org.scalatest.WordSpec.runTests(WordSpec.scala:1881)
	at org.scalatest.Suite.run(Suite.scala:1147)
	at org.scalatest.Suite.run$(Suite.scala:1129)
	at org.scalatest.WordSpec.org$scalatest$WordSpecLike$$super$run(WordSpec.scala:1881)
	at org.scalatest.WordSpecLike.$anonfun$run$1(WordSpecLike.scala:1189)
	at org.scalatest.SuperEngine.runImpl(Engine.scala:517)
	at org.scalatest.WordSpecLike.run(WordSpecLike.scala:1189)
	at org.scalatest.WordSpecLike.run$(WordSpecLike.scala:1187)
	at ExchRoutesSpec.org$scalatest$BeforeAndAfterAll$$super$run(UserRoutesSpec.scala:17)
	at org.scalatest.BeforeAndAfterAll.liftedTree1$1(BeforeAndAfterAll.scala:213)
	at org.scalatest.BeforeAndAfterAll.run(BeforeAndAfterAll.scala:210)
	at org.scalatest.BeforeAndAfterAll.run$(BeforeAndAfterAll.scala:208)
	at ExchRoutesSpec.run(UserRoutesSpec.scala:17)
	at org.scalatest.tools.Framework.org$scalatest$tools$Framework$$runSuite(Framework.scala:317)
	at org.scalatest.tools.Framework$ScalaTestTask.execute(Framework.scala:510)
	at sbt.TestRunner.runTest$1(TestFramework.scala:113)
	at sbt.TestRunner.run(TestFramework.scala:124)
	at sbt.TestFramework$$anon$2$$anonfun$$lessinit$greater$1.$anonfun$apply$1(TestFramework.scala:282)
	at sbt.TestFramework$.sbt$TestFramework$$withContextLoader(TestFramework.scala:246)
	at sbt.TestFramework$$anon$2$$anonfun$$lessinit$greater$1.apply(TestFramework.scala:282)
	at sbt.TestFramework$$anon$2$$anonfun$$lessinit$greater$1.apply(TestFramework.scala:282)
	at sbt.TestFunction.apply(TestFramework.scala:294)
	at sbt.Tests$.$anonfun$toTask$1(Tests.scala:309)
	at sbt.std.Transform$$anon$3.$anonfun$apply$2(System.scala:46)
	at sbt.std.Transform$$anon$4.work(System.scala:67)
	at sbt.Execute.$anonfun$submit$2(Execute.scala:269)
	at sbt.internal.util.ErrorHandling$.wideConvert(ErrorHandling.scala:16)
	at sbt.Execute.work(Execute.scala:278)
	at sbt.Execute.$anonfun$submit$1(Execute.scala:269)
	at sbt.ConcurrentRestrictions$$anon$4.$anonfun$submitValid$1(ConcurrentRestrictions.scala:178)
	at sbt.CompletionService$$anon$2.call(CompletionService.scala:37)
	at java.base/java.util.concurrent.FutureTask.run(FutureTask.java:264)
	at java.base/java.util.concurrent.Executors$RunnableAdapter.call(Executors.java:515)
	at java.base/java.util.concurrent.FutureTask.run(FutureTask.java:264)
	at java.base/java.util.concurrent.ThreadPoolExecutor.runWorker(ThreadPoolExecutor.java:1128)
	at java.base/java.util.concurrent.ThreadPoolExecutor$Worker.run(ThreadPoolExecutor.java:628)
	at java.base/java.lang.Thread.run(Thread.java:834)
</failure>
                                               </testcase>
                     <system-out><![CDATA[]]></system-out>
                     <system-err><![CDATA[]]></system-err>
                   </testsuite>